2019-07-03 17:48:19,502,_new_conn,10:DEBUG,Starting new HTTP connection (1): www.imooc.com
2019-07-03 17:48:19,850,_make_request,10:DEBUG,http://www.imooc.com:80 "POST /passport/user/login HTTP/1.1" 200 639
2019-07-03 17:48:19,852,go_on_run,20:INFO,<input> url:http://www.imooc.com/passport/user/login,请求方式:post,参数:{'username': '13552278611', 'password': 'lixiaoting521', 'remember': '1', 'pwencode': "'ea85ca502e46408bc703d94aa9397c93", 'browser_key': '1', 'referer': 'https://www.imooc.com'},预期:"status": 10001,result{"status": 10001, "msg": "成功", "data": {"userInfo": {"uid": "6208959"}, "url": ["http://www.imooc.com/user/ssologin?token=bT-sG8YChwXmXGUP9zjfnEgG2EwQ8AhnT1H08O7noThvm9lQwYf4jj_uB60YTySr8Att4n94ZUGZOYMGEDJaQCU4gVHimVJ_h0MI_-xoQvAaBW_vvfAEqHfXo2MkKjBW46LbQy6PZknpmwEDnurmJ0SJKs6trXSZwbVHFqhRWmi5dyHw4qEfznCNMBo8LKIanOhQnYwc2WoQ14sR6bc96WYgQwRfyUFq6FD3X9hzmXUCC9R3LLcAjGCfykxAvPFCyGa7hSQDmq1ThbLL_mP6tG8nle7BEK9a-5G1xqPS0FlDucV6", "http://coding.imooc.com/user/ssologin?token=sKDYnHbzr8uFthLdx534NPsUBVzlUqNm2ZYllVK6WQqkboWDZcvQcElWE9f_80Ac9Snn_H9B-QgvEd1LwhB4kScho1MnrqwBjLNOjgWOeTe2uP9pv563GYSWEUfh8Q8XaAZ7cL65YO83Us7PJ5TbLgdHLW4VgeNyIZWLfze7P7RygllJCHBhfg39XX9EqSoryk4rEvM65JhB2-pmtfskzayZ7AW_A39Q1GB6go_oiYf2snpWvzLcMwn9TlFSUQ9t1rYtI0if0ZNHHNTG5Pnx02t9oLIDjd_D-j6xCE9AKUFQt2pg"]}}
2019-07-03 17:48:19,869,_new_conn,10:DEBUG,Starting new HTTP connection (1): www.imooc.com
2019-07-03 17:48:19,948,_make_request,10:DEBUG,http://www.imooc.com:80 "POST /passport/user/login HTTP/1.1" 200 82
2019-07-03 17:48:19,950,go_on_run,20:INFO,<input> url:http://www.imooc.com/passport/user/login,请求方式:post,参数:{'username': '13552278612', 'password': 'lixiaoting521', 'remember': '1', 'pwencode': "'ea85ca502e46408bc703d94aa9397c93", 'browser_key': '1', 'referer': 'https://www.imooc.com'},预期:"status": 10001,result{"status": 90003, "msg": "验证码为空", "data": []}
2019-07-03 17:48:19,952,_new_conn,10:DEBUG,Starting new HTTP connection (1): www.imooc.com
2019-07-03 17:48:20,008,_make_request,10:DEBUG,http://www.imooc.com:80 "POST /passport/user/login HTTP/1.1" 200 82
2019-07-03 17:48:20,009,go_on_run,20:INFO,<input> url:http://www.imooc.com/passport/user/login,请求方式:post,参数:{'username': '13552278612', 'password': 'lixiaoting521', 'remember': '1', 'pwencode': "'ea85ca502e46408bc703d94aa9397c93", 'browser_key': '1', 'referer': 'https://www.imooc.com'},预期:"status": 10001,result{"status": 90003, "msg": "验证码为空", "data": []}
2019-07-03 17:48:20,012,_new_conn,10:DEBUG,Starting new HTTP connection (1): www.imooc.com
2019-07-03 17:48:20,055,_make_request,10:DEBUG,http://www.imooc.com:80 "POST /passport/user/login HTTP/1.1" 200 82
2019-07-03 17:48:20,057,go_on_run,20:INFO,<input> url:http://www.imooc.com/passport/user/login,请求方式:post,参数:{'username': '13552278612', 'password': 'lixiaoting521', 'remember': '1', 'pwencode': "'ea85ca502e46408bc703d94aa9397c93", 'browser_key': '1', 'referer': 'https://www.imooc.com'},预期:"status": 10001,result{"status": 90003, "msg": "验证码为空", "data": []}
2019-07-03 17:48:20,060,_new_conn,10:DEBUG,Starting new HTTP connection (1): www.imooc.com
2019-07-03 17:48:20,122,_make_request,10:DEBUG,http://www.imooc.com:80 "POST /passport/user/login HTTP/1.1" 200 82
2019-07-03 17:48:20,123,go_on_run,20:INFO,<input> url:http://www.imooc.com/passport/user/login,请求方式:post,参数:{'username': '13552278612', 'password': 'lixiaoting521', 'remember': '1', 'pwencode': "'ea85ca502e46408bc703d94aa9397c93", 'browser_key': '1', 'referer': 'https://www.imooc.com'},预期:"status": 10001,result{"status": 90003, "msg": "验证码为空", "data": []}
2019-07-03 17:48:20,140,_new_conn,10:DEBUG,Starting new HTTP connection (1): www.imooc.com
2019-07-03 17:48:20,231,_make_request,10:DEBUG,http://www.imooc.com:80 "POST /passport/user/login HTTP/1.1" 200 82
2019-07-03 17:48:20,232,go_on_run,20:INFO,<input> url:http://www.imooc.com/passport/user/login,请求方式:post,参数:{'username': '13552278612', 'password': 'lixiaoting521', 'remember': '1', 'pwencode': "'ea85ca502e46408bc703d94aa9397c93", 'browser_key': '1', 'referer': 'https://www.imooc.com'},预期:"status": 10001,result{"status": 90003, "msg": "验证码为空", "data": []}
2019-07-03 17:48:20,234,_new_conn,10:DEBUG,Starting new HTTP connection (1): www.imooc.com
2019-07-03 17:48:20,294,_make_request,10:DEBUG,http://www.imooc.com:80 "POST /passport/user/login HTTP/1.1" 200 82
2019-07-03 17:48:20,295,go_on_run,20:INFO,<input> url:http://www.imooc.com/passport/user/login,请求方式:post,参数:{'username': '13552278612', 'password': 'lixiaoting521', 'remember': '1', 'pwencode': "'ea85ca502e46408bc703d94aa9397c93", 'browser_key': '1', 'referer': 'https://www.imooc.com'},预期:"status": 10001,result{"status": 90003, "msg": "验证码为空", "data": []}
2019-07-03 17:48:20,297,_new_conn,10:DEBUG,Starting new HTTP connection (1): www.imooc.com
2019-07-03 17:48:20,385,_make_request,10:DEBUG,http://www.imooc.com:80 "POST /passport/user/login HTTP/1.1" 200 82
2019-07-03 17:48:20,386,go_on_run,20:INFO,<input> url:http://www.imooc.com/passport/user/login,请求方式:post,参数:{'username': '13552278612', 'password': 'lixiaoting521', 'remember': '1', 'pwencode': "'ea85ca502e46408bc703d94aa9397c93", 'browser_key': '1', 'referer': 'https://www.imooc.com'},预期:"status": 10001,result{"status": 90003, "msg": "验证码为空", "data": []}
2019-07-03 17:48:20,388,_new_conn,10:DEBUG,Starting new HTTP connection (1): www.imooc.com
2019-07-03 17:48:20,440,_make_request,10:DEBUG,http://www.imooc.com:80 "POST /passport/user/login HTTP/1.1" 200 82
2019-07-03 17:48:20,441,go_on_run,20:INFO,<input> url:http://www.imooc.com/passport/user/login,请求方式:post,参数:{'username': '13552278612', 'password': 'lixiaoting521', 'remember': '1', 'pwencode': "'ea85ca502e46408bc703d94aa9397c93", 'browser_key': '1', 'referer': 'https://www.imooc.com'},预期:"status": 10001,result{"status": 90003, "msg": "验证码为空", "data": []}
2019-07-03 17:48:20,452,_new_conn,10:DEBUG,Starting new HTTP connection (1): www.imooc.com
2019-07-03 17:48:20,528,_make_request,10:DEBUG,http://www.imooc.com:80 "POST /passport/user/login HTTP/1.1" 200 82
2019-07-03 17:48:20,530,go_on_run,20:INFO,<input> url:http://www.imooc.com/passport/user/login,请求方式:post,参数:{'username': '13552278612', 'password': 'lixiaoting521', 'remember': '1', 'pwencode': "'ea85ca502e46408bc703d94aa9397c93", 'browser_key': '1', 'referer': 'https://www.imooc.com'},预期:"status": 10001,result{"status": 90003, "msg": "验证码为空", "data": []}
2019-07-03 17:48:20,533,_new_conn,10:DEBUG,Starting new HTTP connection (1): www.imooc.com
2019-07-03 17:48:20,595,_make_request,10:DEBUG,http://www.imooc.com:80 "POST /passport/user/login HTTP/1.1" 200 82
2019-07-03 17:48:20,596,go_on_run,20:INFO,<input> url:http://www.imooc.com/passport/user/login,请求方式:post,参数:{'username': '13552278612', 'password': 'lixiaoting521', 'remember': '1', 'pwencode': "'ea85ca502e46408bc703d94aa9397c93", 'browser_key': '1', 'referer': 'https://www.imooc.com'},预期:"status": 10001,result{"status": 90003, "msg": "验证码为空", "data": []}
2019-07-03 17:48:20,599,_new_conn,10:DEBUG,Starting new HTTP connection (1): www.imooc.com
2019-07-03 17:48:20,643,_make_request,10:DEBUG,http://www.imooc.com:80 "POST /passport/user/login HTTP/1.1" 200 82
2019-07-03 17:48:20,644,go_on_run,20:INFO,<input> url:http://www.imooc.com/passport/user/login,请求方式:post,参数:{'username': '13552278612', 'password': 'lixiaoting521', 'remember': '1', 'pwencode': "'ea85ca502e46408bc703d94aa9397c93", 'browser_key': '1', 'referer': 'https://www.imooc.com'},预期:"status": 10001,result{"status": 90003, "msg": "验证码为空", "data": []}
2019-07-03 17:48:20,647,_new_conn,10:DEBUG,Starting new HTTP connection (1): www.imooc.com
2019-07-03 17:48:20,709,_make_request,10:DEBUG,http://www.imooc.com:80 "POST /passport/user/login HTTP/1.1" 200 82
2019-07-03 17:48:20,711,go_on_run,20:INFO,<input> url:http://www.imooc.com/passport/user/login,请求方式:post,参数:{'username': '13552278612', 'password': 'lixiaoting521', 'remember': '1', 'pwencode': "'ea85ca502e46408bc703d94aa9397c93", 'browser_key': '1', 'referer': 'https://www.imooc.com'},预期:"status": 10001,result{"status": 90003, "msg": "验证码为空", "data": []}
2019-07-03 17:48:20,728,_new_conn,10:DEBUG,Starting new HTTP connection (1): www.imooc.com
2019-07-03 17:48:20,946,_make_request,10:DEBUG,http://www.imooc.com:80 "POST /passport/user/login HTTP/1.1" 200 637
2019-07-03 17:48:20,975,_new_conn,10:DEBUG,Starting new HTTP connection (1): www.imooc.com
2019-07-03 17:48:21,318,_make_request,10:DEBUG,http://www.imooc.com:80 "POST /passport/user/login HTTP/1.1" 200 636
2019-07-03 17:48:21,320,go_on_run,20:INFO,<input> url:http://www.imooc.com/passport/user/login,请求方式:post,参数:{'username': '13552278611', 'password': 'lixiaoting521', 'remember': '1', 'pwencode': "'ea85ca502e46408bc703d94aa9397c93", 'browser_key': '1', 'referer': 'https://www.imooc.com', ' "uid"': ['6208959']},预期:"uid": "6208959",result{"status": 10001, "msg": "成功", "data": {"userInfo": {"uid": "6208959"}, "url": ["http://www.imooc.com/user/ssologin?token=FTVmXu8vjvvbfJfoa3qtjl-zIjgUMeEXxZsSt6JVeq1XpWm7kgSSTakylLpsMNMn3ARFQKXOJSZ0zMdXq7cxh-oK6keWei42Nr1cxVsh7_qwrrqIZ67vgj7WxrIdMZzpwEHxdC-PbGcIJmvk8Ps9nUlU-_urGTnUtZhGyUzydwfill-sv2Zyehr9sppMj-BuNenkQFQ4_0cfJQkk9jkwGsby03G_rwbfU5kQQXM4L1wWMadrE85NR8FCqBAsm2YBtPNR4NLMN2o0FbHpEo1-tPjIo61TUgtE-VAkdUPW7", "http://coding.imooc.com/user/ssologin?token=rVHDP7GCvF5oFj0zN3J9nP7tLD9ek9VSkzlk_ZixUJa65rLIW8qWwhpoWrTgGsrgeiP3QNRcOlUmoKJrexSQeTw9wZfwcT3MjKE2MhLfYlijuJtjOjQOvCYaaXA16ocpodigM1XRcf8w2YLHk8YHgXEh9lLr0rKNOcw3c6gqzkB7Fk5IB8_McsXqphoGyV8i2hWwUjf3D9HupR8MF_piZq4p8iynwId3PE2rVhEs5_In2zEYNGCpt5XvVWwJef7-wbAD5bXXk7hkr4a2vStX_NVigyPk9-s7-Bkl6P2orYAvDCRa"]}}
2019-07-03 17:48:21,330,_new_conn,10:DEBUG,Starting new HTTPS connection (1): api-b-k.4000669696.com
2019-07-03 17:48:21,631,_make_request,10:DEBUG,https://api-b-k.4000669696.com:443 "POST /loginService/login HTTP/1.1" 200 59
2019-07-03 17:48:21,634,go_on_run,20:INFO,<input> url:https://api-b-k.4000669696.com/loginService/login,请求方式:post,参数:{'userName': '娴嬭瘯娓犻亾', 'password': '123qwe'},预期:"code":1,result{"data": [], "code": 0, "msg": "用户不存在或已被冻结"}
2019-07-03 17:48:21,637,_new_conn,10:DEBUG,Starting new HTTPS connection (1): api-b-k.4000669696.com
2019-07-03 17:48:21,751,_make_request,10:DEBUG,https://api-b-k.4000669696.com:443 "POST /loginService/login HTTP/1.1" 200 59
2019-07-03 17:48:21,754,go_on_run,20:INFO,<input> url:https://api-b-k.4000669696.com/loginService/login,请求方式:post,参数:{'userName': '娴嬭瘯娓犻亾', 'password': '123qwe'},预期:"code":1,result{"data": [], "code": 0, "msg": "用户不存在或已被冻结"}
2019-07-03 17:48:21,757,_new_conn,10:DEBUG,Starting new HTTPS connection (1): api-b-k.4000669696.com
2019-07-03 17:48:21,874,_make_request,10:DEBUG,https://api-b-k.4000669696.com:443 "POST /loginService/login HTTP/1.1" 200 59
2019-07-03 17:48:21,877,go_on_run,20:INFO,<input> url:https://api-b-k.4000669696.com/loginService/login,请求方式:post,参数:{'userName': '娴嬭瘯娓犻亾', 'password': '123qwe'},预期:"code":1,result{"data": [], "code": 0, "msg": "用户不存在或已被冻结"}
2019-07-03 17:48:21,881,_new_conn,10:DEBUG,Starting new HTTPS connection (1): api-b-k.4000669696.com
2019-07-03 17:48:21,991,_make_request,10:DEBUG,https://api-b-k.4000669696.com:443 "POST /loginService/login HTTP/1.1" 200 59
2019-07-03 17:48:21,994,go_on_run,20:INFO,<input> url:https://api-b-k.4000669696.com/loginService/login,请求方式:post,参数:{'userName': '娴嬭瘯娓犻亾', 'password': '123qwe'},预期:"code":1,result{"data": [], "code": 0, "msg": "用户不存在或已被冻结"}
